<?xml version="1.0" encoding="UTF-8" ?>
<testsuite tests="2" failures="2" name="org.velihangozek.automation.tests.EtsyTest" time="0.007" errors="0" skipped="0">
  <properties>
[...]
</properties>
  <testcase classname="org.velihangozek.automation.tests.EtsyTest" name="org.velihangozek.automation.tests.EtsyTest.testLogin" time="0.007">
    <failure type="java.lang.NullPointerException">java.lang.NullPointerException
	at org.velihangozek.automation.utils.ConfigReader.getProperty(ConfigReader.java:22)
	at org.velihangozek.automation.tests.EtsyTest.testLogin(EtsyTest.java:28)
</failure>
    <system-err>java.io.FileNotFoundException: src\resources\config.properties (The system cannot find the path specified)
	at java.base/java.io.FileInputStream.open0(Native Method)
	at java.base/java.io.FileInputStream.open(FileInputStream.java:219)
	at java.base/java.io.FileInputStream.&lt;init&gt;(FileInputStream.java:157)
	at java.base/java.io.FileInputStream.&lt;init&gt;(FileInputStream.java:112)
	at org.velihangozek.automation.utils.ConfigReader.&lt;clinit&gt;(ConfigReader.java:13)
	at org.velihangozek.automation.tests.EtsyTest.testLogin(EtsyTest.java:28)
	at java.base/jdk.internal.reflect.NativeMethodAccessorImpl.invoke0(Native Method)
	at java.base/jdk.internal.reflect.NativeMethodAccessorImpl.invoke(NativeMethodAccessorImpl.java:62)
	at java.base/jdk.internal.reflect.DelegatingMethodAccessorImpl.invoke(DelegatingMethodAccessorImpl.java:43)
	at java.base/java.lang.reflect.Method.invoke(Method.java:566)
	at org.apache.maven.surefire.junit.PojoTestSet.executeTestMethod(PojoTestSet.java:151)
	at org.apache.maven.surefire.junit.PojoTestSet.executeTestMethods(PojoTestSet.java:102)
	at org.apache.maven.surefire.junit.PojoTestSet.execute(PojoTestSet.java:83)
	at org.apache.maven.surefire.junit.JUnit3Provider.executeTestSet(JUnit3Provider.java:121)
	at org.apache.maven.surefire.junit.JUnit3Provider.invoke(JUnit3Provider.java:98)
	at java.base/jdk.internal.reflect.NativeMethodAccessorImpl.invoke0(Native Method)
	at java.base/jdk.internal.reflect.NativeMethodAccessorImpl.invoke(NativeMethodAccessorImpl.java:62)
	at java.base/jdk.internal.reflect.DelegatingMethodAccessorImpl.invoke(DelegatingMethodAccessorImpl.java:43)
	at java.base/java.lang.reflect.Method.invoke(Method.java:566)
	at org.apache.maven.surefire.util.ReflectionUtils.invokeMethodWithArray(ReflectionUtils.java:189)
	at org.apache.maven.surefire.booter.ProviderFactory$ProviderProxy.invoke(ProviderFactory.java:165)
	at org.apache.maven.surefire.booter.ProviderFactory.invokeProvider(ProviderFactory.java:85)
	at org.apache.maven.surefire.booter.ForkedBooter.runSuitesInProcess(ForkedBooter.java:115)
	at org.apache.maven.surefire.booter.ForkedBooter.main(ForkedBooter.java:75)
</system-err>
  </testcase>
  <testcase classname="org.velihangozek.automation.tests.EtsyTest" name="org.velihangozek.automation.tests.EtsyTest.testSearchProduct" time="0">
    <failure type="java.lang.NullPointerException">java.lang.NullPointerException
	at org.velihangozek.automation.tests.EtsyTest.testSearchProduct(EtsyTest.java:35)
</failure>
  </testcase>
</testsuite>